{"level":"info","message":"### Server listening at 8080 ###","service":"user-service"}
{"level":"error","message":"### Server listening at 8080 ###","service":"user-service"}
{"level":"info","message":"### Server listening at 8080 ###","service":"user-service"}
{"level":"info","message":"### Server listening at 8080 ...","service":"user-service"}
{"level":"info","message":"### Server listening at 8080 ...","service":"user-service"}
{"level":"info","message":"### Server listening at 8080 ...","service":"user-service"}
{"level":"info","message":"### Server listening at 8080 ...","service":"user-service"}
{"level":"info","message":"### Server listening at 8080 ...","service":"user-service"}
{"level":"info","message":"### Server listening at 8080 ...","service":"user-service"}
{"level":"info","message":"### Server listening at 8080 ...","service":"user-service"}
{"level":"info","message":"### Server listening at 8080 ...","service":"user-service"}
{"level":"info","message":"### Server listening at 8080 ...","service":"user-service"}
{"level":"info","message":"### Server listening at 8080 ..."}
{"level":"info","message":"### Server listening at 8080 ..."}
{"level":"info","message":"### Server listening at 8080 ..."}
{"level":"info","message":"### Server listening at 8080 ..."}
{"level":"info","message":"### Server listening at 8080 ..."}
{"level":"info","message":"### Server listening at 8080 ..."}
{"level":"info","message":"### Server listening at 8080 ..."}
{"level":"info","message":"### Server listening at 8080 ..."}
{"level":"info","message":"### Server listening at 8080 ..."}
{"level":"info","message":"### Server listening at 8080 ..."}
{"level":"info","message":"### Server listening at 8080 ..."}
{"level":"info","message":"### Server listening at 8080 ..."}
{"level":"info","message":"### Server listening at 8080 ..."}
{"level":"info","message":"### Server listening at 8080 ..."}
{"level":"info","message":"### Server listening at 8080 ..."}
{"level":"info","message":"### Server listening at 8080 ..."}
{"level":"info","message":"### Server listening at 8080 ..."}
{"level":"info","message":"### Server listening at 8080 ..."}
{"level":"info","message":"### Server listening at 8080 ..."}
{"level":"info","message":"### Server listening at 8080 ..."}
{"level":"info","message":"### Server listening at 8080 ..."}
{"level":"info","message":"### Server listening at 8080 ..."}
{"level":"info","message":"### Server listening at 8080 ..."}
{"level":"info","message":"### Server listening at 8080 ..."}
{"level":"info","message":"### Server listening at 8080 ..."}
{"level":"info","message":"### Server listening at 8080 ..."}
{"level":"info","message":"### Server listening at 8080 ..."}
{"level":"info","message":"### Server listening at 8080 ..."}
{"level":"info","message":"### Server listening at 8080 ..."}
{"level":"info","message":"### Server listening at 8080 ..."}
{"level":"info","message":"### Server listening at 8080 ..."}
{"level":"info","message":"### Server listening at 8080 ..."}
{"level":"error","message":"This route has an error"}
{"level":"info","message":"### Server listening at 8080 ..."}
{"level":"error","message":"This route has an error"}
{"level":"info","message":"### Server listening at 8080 ..."}
{"level":"info","message":"### Server listening at 8080 ..."}
{"level":"info","message":"### Server listening at 8080 ..."}
{"level":"info","message":"### Server listening at 8080 ..."}
{"level":"info","message":"### Server listening at 8080 ..."}
{"level":"error","message":"This route has an error"}
{"level":"info","message":"### Server listening at 8080 ..."}
{"level":"error","message":"This route has an error"}
{"level":"info","message":"### Server listening at 8080 ..."}
{"level":"error","message":"This route has an error"}
{"level":"info","message":"### Server listening at 8080 ..."}
{"level":"info","message":"### Server listening at 8080 ..."}
{"level":"info","message":"### Server listening at 8080 ..."}
{"level":"info","message":"### Server listening at 8080 ..."}
{"level":"info","message":"### Server listening at 8080 ..."}
{"level":"info","message":"### Server listening at 8080 ..."}
{"level":"info","message":"### Server listening at 8080 ..."}
{"level":"info","message":"### Server listening at 8080 ..."}
{"level":"info","message":"### Server listening at 8080 ..."}
{"level":"info","message":" Server listening at 8080 ..."}
{"level":"info","message":" Server listening at 8080 ..."}
{"level":"info","message":" Server listening at 8080 ..."}
{"level":"info","message":" Server listening at 8080 ..."}
{"level":"info","message":" Server listening at 8080 ..."}
{"level":"info","message":" Server listening at 8080 ..."}
{"level":"info","message":" Server listening at 8080 ..."}
{"level":"info","message":" Server listening at 8080 ..."}
{"level":"info","message":" Server listening at 8080 ..."}
{"level":"info","message":" Server listening at 8080 ..."}
{"level":"info","message":" Server listening at 8080 ..."}
{"level":"info","message":" Server listening at 8080 ..."}
{"level":"info","message":" Server listening at 8080 ..."}
{"level":"info","message":" Server listening at 8080 ..."}
{"level":"info","message":" Server listening at 8080 ..."}
{"level":"info","message":" Server listening at 8080 ..."}
{"level":"info","message":" Server listening at 8080 ..."}
{"level":"info","message":" Server listening at 8080 ..."}
{"level":"info","message":" Server listening at 8080 ..."}
{"level":"info","message":" Server listening at 8080 ..."}
{"level":"info","message":" Server listening at 8080 ..."}
{"level":"info","message":" Server listening at 8080 ..."}
{"level":"info","message":" Server listening at 8080 ..."}
{"level":"info","message":" Server listening at 8080 ..."}
{"level":"info","message":" Server listening at 8080 ..."}
{"level":"info","message":" Server listening at 8080 ..."}
{"level":"info","message":" Server listening at 8080 ..."}
{"level":"info","message":" Server listening at 8080 ..."}
{"level":"info","message":" Server listening at 8080 ..."}
{"level":"info","message":" Server listening at 8080 ..."}
{"level":"info","message":" Server listening at 8080 ..."}
{"level":"info","message":" Server listening at 8080 ..."}
{"level":"info","message":" Server listening at 8080 ..."}
{"level":"info","message":" Server listening at 8080 ..."}
{"level":"info","message":" Server listening at 8080 ..."}
{"level":"info","message":" Server listening at 8080 ..."}
{"level":"error","message":"Mongo error: MongoServerSelectionError: connect ECONNREFUSED ::1:27017"}
{"level":"info","message":" Server listening at 8080 ..."}
{"level":"error","message":"Mongo error: MongoServerSelectionError: connect ECONNREFUSED ::1:27017"}
{"level":"info","message":" Server listening at 8080 ..."}
{"level":"info","message":" Server listening at 8080 ..."}
{"level":"info","message":" Server listening at 8080 ..."}
{"level":"info","message":" Server listening at 8080 ..."}
{"level":"error","message":"Mongo error: MongoServerSelectionError: connect ECONNREFUSED ::1:27017"}
{"level":"info","message":" Server listening at 8080 ..."}
{"level":"error","message":"Mongo error: MongoServerSelectionError: connect ECONNREFUSED ::1:27017"}
{"level":"info","message":" Server listening at 8080 ..."}
{"level":"info","message":"DB connexion successfully "}
{"level":"info","message":" Server listening at 8080 ..."}
{"level":"info","message":"DB connexion successfully "}
{"level":"info","message":" Server listening at 8080 ..."}
{"level":"info","message":"DB connexion successfully "}
{"level":"info","message":" Server listening at 5000 ..."}
{"level":"info","message":"DB connexion successfully "}
{"level":"info","message":" Server listening at 5000 ..."}
{"level":"info","message":"DB connexion successfully "}
{"level":"info","message":" Server listening at 5000 ..."}
{"level":"info","message":"DB connexion successfully "}
{"level":"info","message":" Server listening at 5000 ..."}
{"level":"info","message":"DB connexion successfully "}
{"level":"info","message":" Server listening at 5000 ..."}
{"level":"info","message":"DB connexion successfully "}
{"level":"info","message":" Server listening at 5000 ..."}
{"level":"info","message":"DB connexion successfully "}
{"level":"info","message":" Server listening at 5000 ..."}
{"level":"info","message":"DB connexion successfully "}
{"level":"info","message":" Server listening at 5000 ..."}
{"level":"info","message":"DB connexion successfully "}
{"level":"info","message":" Server listening at 5000 ..."}
{"level":"info","message":"DB connexion successfully "}
{"level":"info","message":" Server listening at 5000 ..."}
{"level":"info","message":"DB connexion successfully "}
{"level":"info","message":" Server listening at 5000 ..."}
{"level":"info","message":"DB connexion successfully "}
{"level":"info","message":" Server listening at 5000 ..."}
{"level":"info","message":"DB connexion successfully "}
{"level":"info","message":" Server listening at 5000 ..."}
{"level":"info","message":"DB connexion successfully "}
{"level":"info","message":" Server listening at 5000 ..."}
{"level":"info","message":"DB connexion successfully "}
{"level":"info","message":" Server listening at 5000 ..."}
{"level":"info","message":"DB connexion successfully "}
{"level":"info","message":" Server listening at 5000 ..."}
{"level":"info","message":"DB connexion successfully "}
{"level":"info","message":" Server listening at 5000 ..."}
{"level":"info","message":"DB connexion successfully "}
{"level":"info","message":" Server listening at 5000 ..."}
{"level":"info","message":"DB connexion successfully "}
{"level":"info","message":" Server listening at 5000 ..."}
{"level":"info","message":"DB connexion successfully "}
{"level":"info","message":" Server listening at 5000 ..."}
{"level":"info","message":"DB connexion successfully "}
{"level":"info","message":" Server listening at 5000 ..."}
{"level":"info","message":"DB connexion successfully "}
{"level":"info","message":" Server listening at 5000 ..."}
{"level":"info","message":"DB connexion successfully "}
{"level":"info","message":" Server listening at 5000 ..."}
{"level":"info","message":"DB connexion successfully "}
{"level":"info","message":" Server listening at 5000 ..."}
{"level":"info","message":"DB connexion successfully "}
{"level":"info","message":" Server listening at 5000 ..."}
{"level":"info","message":"DB connexion successfully "}
{"level":"info","message":" Server listening at 5000 ..."}
{"level":"info","message":"DB connexion successfully "}
{"level":"info","message":" Server listening at 5000 ..."}
{"level":"info","message":"DB connexion successfully "}
{"level":"info","message":" Server listening at 5000 ..."}
{"level":"info","message":"DB connexion successfully "}
{"level":"info","message":" Server listening at 5000 ..."}
{"level":"info","message":"DB connexion successfully "}
{"level":"info","message":" Server listening at 5000 ..."}
{"level":"info","message":"DB connexion successfully "}
{"level":"info","message":" Server listening at 5000 ..."}
{"level":"info","message":"DB connexion successfully "}
{"level":"info","message":" Server listening at 5000 ..."}
{"level":"info","message":"DB connexion successfully "}
{"level":"info","message":" Server listening at 5000 ..."}
{"level":"info","message":"DB connexion successfully "}
{"level":"info","message":" Server listening at 5000 ..."}
{"level":"info","message":"DB connexion successfully "}
{"level":"info","message":" Server listening at 5000 ..."}
{"level":"info","message":"DB connexion successfully "}
{"level":"info","message":" Server listening at 5000 ..."}
{"level":"info","message":"DB connexion successfully "}
{"level":"info","message":" Server listening at 5000 ..."}
{"level":"info","message":"DB connexion successfully "}
{"level":"info","message":" Server listening at 5000 ..."}
{"level":"info","message":"DB connexion successfully "}
{"level":"info","message":" Server listening at 5000 ..."}
{"level":"info","message":"DB connexion successfully "}
{"level":"info","message":" Server listening at 5000 ..."}
{"level":"info","message":"DB connexion successfully "}
{"level":"info","message":" Server listening at 5000 ..."}
{"level":"info","message":"DB connexion successfully "}
{"level":"info","message":" Server listening at 5000 ..."}
{"level":"info","message":"DB connexion successfully "}
{"level":"info","message":" Server listening at 5000 ..."}
{"level":"info","message":"DB connexion successfully "}
{"level":"info","message":" Server listening at 5000 ..."}
{"level":"info","message":"DB connexion successfully "}
{"level":"info","message":" Server listening at 5000 ..."}
{"level":"info","message":"DB connexion successfully "}
{"level":"info","message":" Server listening at 5000 ..."}
{"level":"info","message":"DB connexion successfully "}
{"level":"info","message":" Server listening at 5000 ..."}
{"level":"info","message":"DB connexion successfully "}
{"level":"info","message":" Server listening at 5000 ..."}
{"level":"info","message":"DB connexion successfully "}
{"level":"info","message":" Server listening at 5000 ..."}
{"level":"info","message":"DB connexion successfully "}
{"level":"info","message":" Server listening at 5000 ..."}
{"level":"info","message":"DB connexion successfully "}
