Arguments: 
  C:\Program Files\nodejs\node.exe C:\Users\Rajaonarison\AppData\Roaming\npm\node_modules\yarn\bin\yarn.js add cross-env

PATH: 
  C:\Users\Rajaonarison\bin;C:\Program Files\Git\mingw64\bin;C:\Program Files\Git\usr\local\bin;C:\Program Files\Git\usr\bin;C:\Program Files\Git\usr\bin;C:\Program Files\Git\mingw64\bin;C:\Program Files\Git\usr\bin;C:\Users\Rajaonarison\bin;C:\Windows\system32;C:\Windows;C:\Windows\System32\Wbem;C:\Windows\System32\WindowsPowerShell\v1.0;C:\Windows\System32\OpenSSH;C:\Program Files\Symfony;C:\Program Files\Git\cmd;C:\Program Files\Docker\Docker\resources\bin;C:\ProgramData\DockerDesktop\version-bin;C:\wamp64\bin\php\php7.4.33;C:\ProgramData\ComposerSetup\bin;C:\Program Files (x86)\Microsoft SQL Server\150\DTS\Binn;C:\Program Files\nodejs;C:\wamp64\bin\mysql\mysql8.0.31\bin;C:\Users\Rajaonarison\AppData\Local\pnpm;C:\Users\Rajaonarison\AppData\Local\Microsoft\WindowsApps;C:\Users\Rajaonarison\AppData\Local\Programs\Microsoft VS Code\bin;C:\Users\Rajaonarison\AppData\Roaming\Composer\vendor\bin;C:\Users\Rajaonarison\AppData\Roaming\npm;C:\Program Files\Git\usr\bin\vendor_perl;C:\Program Files\Git\usr\bin\core_perl

Yarn version: 
  1.22.19

Node version: 
  18.16.0

Platform: 
  win32 x64

Trace: 
  Error: https://registry.npmjs.org/dotenv: tunneling socket could not be established, cause=connect ECONNREFUSED 127.0.0.1:58363
      at ClientRequest.onError (C:\Users\Rajaonarison\AppData\Roaming\npm\node_modules\yarn\lib\cli.js:152376:17)
      at Object.onceWrapper (node:events:628:26)
      at ClientRequest.emit (node:events:513:28)
      at Socket.socketErrorListener (node:_http_client:502:9)
      at Socket.emit (node:events:513:28)
      at emitErrorNT (node:internal/streams/destroy:151:8)
      at emitErrorCloseNT (node:internal/streams/destroy:116:3)
      at process.processTicksAndRejections (node:internal/process/task_queues:82:21)

npm manifest: 
  {
    "name": "wtsapp-api",
    "version": "1.0.0",
    "description": "",
    "main": "index.js",
    "type": "module",
    "scripts": {
      "start": "node ./src/index.js",
      "dev": "cross-env ENV=dev nodemon ./src/index.js"
    },
    "author": "",
    "license": "ISC",
    "dependencies": {
      "dotenv": "^16.3.1",
      "express": "^4.18.2"
    }
  }

yarn manifest: 
  No manifest

Lockfile: 
  No lockfile
